<?xml version="1.0" encoding="UTF-8"?>
<testng-results ignored="0" total="1" passed="1" failed="0" skipped="0">
  <reporter-output>
  </reporter-output>
  <suite started-at="2024-08-01T22:06:39 IST" name="Suite" finished-at="2024-08-01T22:06:56 IST" duration-ms="17064">
    <groups>
    </groups>
    <test started-at="2024-08-01T22:06:39 IST" name="Test" finished-at="2024-08-01T22:06:56 IST" duration-ms="17064">
      <class name="com.narottam.testcases.Freecrm">
        <test-method is-config="true" signature="setup()[pri:0, instance:com.narottam.testcases.Freecrm@ef9296d]" started-at="2024-08-01T22:06:39 IST" name="setup" finished-at="2024-08-01T22:06:49 IST" duration-ms="10186" status="PASS">
          <reporter-output>
          </reporter-output>
        </test-method> <!-- setup -->
        <test-method signature="loginapp()[pri:0, instance:com.narottam.testcases.Freecrm@ef9296d]" started-at="2024-08-01T22:06:49 IST" name="loginapp" finished-at="2024-08-01T22:06:56 IST" duration-ms="6257" status="PASS">
          <reporter-output>
          </reporter-output>
        </test-method> <!-- loginapp -->
        <test-method is-config="true" signature="teardown()[pri:0, instance:com.narottam.testcases.Freecrm@ef9296d]" started-at="2024-08-01T22:06:56 IST" name="teardown" finished-at="2024-08-01T22:06:56 IST" duration-ms="560" status="PASS">
          <reporter-output>
          </reporter-output>
        </test-method> <!-- teardown -->
      </class> <!-- com.narottam.testcases.Freecrm -->
    </test> <!-- Test -->
  </suite> <!-- Suite -->
</testng-results>
